[35m[1mScanning dependencies of target _avrhydroponics_generate_messages_check_deps_SetRelay[0m
[35m[1mScanning dependencies of target _avrhydroponics_generate_messages_check_deps_SetInt[0m
[35m[1mScanning dependencies of target _avrhydroponics_generate_messages_check_deps_RequestScalar[0m
[35m[1mScanning dependencies of target std_msgs_generate_messages_nodejs[0m
[  0%] Built target std_msgs_generate_messages_nodejs
[35m[1mScanning dependencies of target _avrhydroponics_generate_messages_check_deps_WaterMetrics[0m
[  0%] Built target _avrhydroponics_generate_messages_check_deps_RequestScalar
[  0%] Built target _avrhydroponics_generate_messages_check_deps_SetRelay
[  0%] Built target _avrhydroponics_generate_messages_check_deps_SetInt
[35m[1mScanning dependencies of target _avrhydroponics_generate_messages_check_deps_AirMetrics[0m
[35m[1mScanning dependencies of target _avrhydroponics_generate_messages_check_deps_ds18b20[0m
[35m[1mScanning dependencies of target _avrhydroponics_generate_messages_check_deps_LedMetrics[0m
[  0%] Built target _avrhydroponics_generate_messages_check_deps_WaterMetrics
[35m[1mScanning dependencies of target _avrhydroponics_generate_messages_check_deps_Packet[0m
[  0%] Built target _avrhydroponics_generate_messages_check_deps_AirMetrics
[  0%] Built target _avrhydroponics_generate_messages_check_deps_ds18b20
[  0%] Built target _avrhydroponics_generate_messages_check_deps_LedMetrics
[35m[1mScanning dependencies of target _avrhydroponics_generate_messages_check_deps_SendPacket[0m
[35m[1mScanning dependencies of target _avrhydroponics_generate_messages_check_deps_SetFloat[0m
[35m[1mScanning dependencies of target std_msgs_generate_messages_cpp[0m
[  0%] Built target std_msgs_generate_messages_cpp
[  0%] Built target _avrhydroponics_generate_messages_check_deps_Packet
[35m[1mScanning dependencies of target std_msgs_generate_messages_eus[0m
[35m[1mScanning dependencies of target std_msgs_generate_messages_py[0m
[  0%] Built target _avrhydroponics_generate_messages_check_deps_SendPacket
[  0%] Built target _avrhydroponics_generate_messages_check_deps_SetFloat
[  0%] Built target std_msgs_generate_messages_eus
[  0%] Built target std_msgs_generate_messages_py
[35m[1mScanning dependencies of target std_msgs_generate_messages_lisp[0m
[35m[1mScanning dependencies of target avrhydroponics_generate_messages_nodejs[0m
[35m[1mScanning dependencies of target avrhydroponics_generate_messages_cpp[0m
[35m[1mScanning dependencies of target avrhydroponics_generate_messages_eus[0m
[  1%] [34m[1mGenerating Javascript code from avrhydroponics/LedMetrics.msg[0m
[  1%] Built target std_msgs_generate_messages_lisp
[  3%] [34m[1mGenerating C++ code from avrhydroponics/LedMetrics.msg[0m
[  5%] [34m[1mGenerating EusLisp code from avrhydroponics/LedMetrics.msg[0m
[  7%] [34m[1mGenerating EusLisp code from avrhydroponics/ds18b20.msg[0m
[  9%] [34m[1mGenerating Javascript code from avrhydroponics/ds18b20.msg[0m
[ 11%] [34m[1mGenerating EusLisp code from avrhydroponics/Packet.msg[0m
[ 13%] [34m[1mGenerating Javascript code from avrhydroponics/Packet.msg[0m
[ 15%] [34m[1mGenerating C++ code from avrhydroponics/ds18b20.msg[0m
[ 16%] [34m[1mGenerating Javascript code from avrhydroponics/WaterMetrics.msg[0m
[ 18%] [34m[1mGenerating C++ code from avrhydroponics/Packet.msg[0m
[ 20%] [34m[1mGenerating EusLisp code from avrhydroponics/WaterMetrics.msg[0m
[ 22%] [34m[1mGenerating Javascript code from avrhydroponics/AirMetrics.msg[0m
[ 24%] [34m[1mGenerating EusLisp code from avrhydroponics/AirMetrics.msg[0m
[ 26%] [34m[1mGenerating EusLisp code from avrhydroponics/RequestScalar.srv[0m
[ 28%] [34m[1mGenerating Javascript code from avrhydroponics/RequestScalar.srv[0m
[ 30%] [34m[1mGenerating Javascript code from avrhydroponics/SetInt.srv[0m
[ 32%] [34m[1mGenerating C++ code from avrhydroponics/WaterMetrics.msg[0m
[ 33%] [34m[1mGenerating EusLisp code from avrhydroponics/SetInt.srv[0m
[ 35%] [34m[1mGenerating Javascript code from avrhydroponics/SetFloat.srv[0m
[ 37%] [34m[1mGenerating EusLisp code from avrhydroponics/SetFloat.srv[0m
[ 39%] [34m[1mGenerating Javascript code from avrhydroponics/SendPacket.srv[0m
[ 41%] [34m[1mGenerating Javascript code from avrhydroponics/SetRelay.srv[0m
[ 43%] [34m[1mGenerating EusLisp code from avrhydroponics/SendPacket.srv[0m
[35m[1mScanning dependencies of target avrhydroponics_generate_messages_py[0m
[ 43%] Built target avrhydroponics_generate_messages_nodejs
[ 45%] [34m[1mGenerating Python from MSG avrhydroponics/LedMetrics[0m
[ 47%] [34m[1mGenerating C++ code from avrhydroponics/AirMetrics.msg[0m
[ 49%] [34m[1mGenerating EusLisp code from avrhydroponics/SetRelay.srv[0m
[35m[1mScanning dependencies of target avrhydroponics_generate_messages_lisp[0m
[ 50%] [34m[1mGenerating Lisp code from avrhydroponics/LedMetrics.msg[0m
[ 52%] [34m[1mGenerating EusLisp manifest code for avrhydroponics[0m
[ 54%] [34m[1mGenerating Python from MSG avrhydroponics/ds18b20[0m
[ 56%] [34m[1mGenerating Lisp code from avrhydroponics/ds18b20.msg[0m
[ 58%] [34m[1mGenerating C++ code from avrhydroponics/RequestScalar.srv[0m
[ 60%] [34m[1mGenerating Lisp code from avrhydroponics/Packet.msg[0m
[ 62%] [34m[1mGenerating Python from MSG avrhydroponics/Packet[0m
[ 64%] [34m[1mGenerating Lisp code from avrhydroponics/WaterMetrics.msg[0m
[ 66%] [34m[1mGenerating Lisp code from avrhydroponics/AirMetrics.msg[0m
[ 67%] [34m[1mGenerating Python from MSG avrhydroponics/WaterMetrics[0m
[ 67%] Built target avrhydroponics_generate_messages_eus
[ 69%] [34m[1mGenerating C++ code from avrhydroponics/SetInt.srv[0m
[ 71%] [34m[1mGenerating Lisp code from avrhydroponics/RequestScalar.srv[0m
[ 73%] [34m[1mGenerating Lisp code from avrhydroponics/SetInt.srv[0m
[ 75%] [34m[1mGenerating Python from MSG avrhydroponics/AirMetrics[0m
[ 77%] [34m[1mGenerating Lisp code from avrhydroponics/SetFloat.srv[0m
[ 79%] [34m[1mGenerating Python code from SRV avrhydroponics/RequestScalar[0m
[ 81%] [34m[1mGenerating Lisp code from avrhydroponics/SendPacket.srv[0m
[ 83%] [34m[1mGenerating C++ code from avrhydroponics/SetFloat.srv[0m
[ 84%] [34m[1mGenerating Lisp code from avrhydroponics/SetRelay.srv[0m
[ 86%] [34m[1mGenerating Python code from SRV avrhydroponics/SetInt[0m
[ 86%] Built target avrhydroponics_generate_messages_lisp
[ 88%] [34m[1mGenerating Python code from SRV avrhydroponics/SetFloat[0m
[ 90%] [34m[1mGenerating C++ code from avrhydroponics/SendPacket.srv[0m
[ 92%] [34m[1mGenerating C++ code from avrhydroponics/SetRelay.srv[0m
[ 94%] [34m[1mGenerating Python code from SRV avrhydroponics/SendPacket[0m
[ 96%] [34m[1mGenerating Python code from SRV avrhydroponics/SetRelay[0m
[ 98%] [34m[1mGenerating Python msg __init__.py for avrhydroponics[0m
[100%] [34m[1mGenerating Python srv __init__.py for avrhydroponics[0m
[100%] Built target avrhydroponics_generate_messages_cpp
[100%] Built target avrhydroponics_generate_messages_py
[35m[1mScanning dependencies of target avrhydroponics_generate_messages[0m
[100%] Built target avrhydroponics_generate_messages
