[  0%] Built target std_msgs_generate_messages_nodejs
[  0%] Built target _avrhydroponics_generate_messages_check_deps_RequestScalar
[  0%] Built target _avrhydroponics_generate_messages_check_deps_SetInt
[  0%] Built target _avrhydroponics_generate_messages_check_deps_SetRelay
[  0%] Built target _avrhydroponics_generate_messages_check_deps_WaterMetrics
[  0%] Built target _avrhydroponics_generate_messages_check_deps_AirMetrics
[  0%] Built target _avrhydroponics_generate_messages_check_deps_LedMetrics
[  0%] Built target _avrhydroponics_generate_messages_check_deps_ds18b20
[  0%] Built target _avrhydroponics_generate_messages_check_deps_Packet
[  0%] Built target std_msgs_generate_messages_cpp
[  0%] Built target std_msgs_generate_messages_eus
[  0%] Built target _avrhydroponics_generate_messages_check_deps_SendPacket
[  0%] Built target _avrhydroponics_generate_messages_check_deps_SetFloat
[  0%] Built target std_msgs_generate_messages_py
[  0%] Built target std_msgs_generate_messages_lisp
[  3%] [34m[1mGenerating Javascript code from avrhydroponics/ds18b20.msg[0m
[  5%] [34m[1mGenerating EusLisp code from avrhydroponics/ds18b20.msg[0m
[  3%] [34m[1mGenerating C++ code from avrhydroponics/ds18b20.msg[0m
[  7%] [34m[1mGenerating Python from MSG avrhydroponics/ds18b20[0m
[ 24%] Built target avrhydroponics_generate_messages_nodejs
[ 43%] Built target avrhydroponics_generate_messages_eus
[ 45%] [34m[1mGenerating Lisp code from avrhydroponics/ds18b20.msg[0m
[ 47%] [34m[1mGenerating Python srv __init__.py for avrhydroponics[0m
[ 49%] [34m[1mGenerating Python msg __init__.py for avrhydroponics[0m
[ 66%] Built target avrhydroponics_generate_messages_cpp
[ 83%] Built target avrhydroponics_generate_messages_lisp
[100%] Built target avrhydroponics_generate_messages_py
[100%] Built target avrhydroponics_generate_messages
