Symlinking /home/pi/hydroponics/catkin_ws/devel/include/avrhydroponics/ds18b20.h
Symlinking /home/pi/hydroponics/catkin_ws/devel/include/avrhydroponics/SendPacketRequest.h
Symlinking /home/pi/hydroponics/catkin_ws/devel/include/avrhydroponics/LedMetrics.h
Symlinking /home/pi/hydroponics/catkin_ws/devel/include/avrhydroponics/SetInt.h
Symlinking /home/pi/hydroponics/catkin_ws/devel/include/avrhydroponics/AirMetrics.h
Symlinking /home/pi/hydroponics/catkin_ws/devel/include/avrhydroponics/SendPacket.h
Symlinking /home/pi/hydroponics/catkin_ws/devel/include/avrhydroponics/SetFloat.h
Symlinking /home/pi/hydroponics/catkin_ws/devel/include/avrhydroponics/SetIntResponse.h
Symlinking /home/pi/hydroponics/catkin_ws/devel/include/avrhydroponics/RequestScalar.h
Symlinking /home/pi/hydroponics/catkin_ws/devel/include/avrhydroponics/SetFloatRequest.h
Symlinking /home/pi/hydroponics/catkin_ws/devel/include/avrhydroponics/SendPacketResponse.h
Symlinking /home/pi/hydroponics/catkin_ws/devel/include/avrhydroponics/Packet.h
Symlinking /home/pi/hydroponics/catkin_ws/devel/include/avrhydroponics/SetRelayResponse.h
Symlinking /home/pi/hydroponics/catkin_ws/devel/include/avrhydroponics/RequestScalarRequest.h
Symlinking /home/pi/hydroponics/catkin_ws/devel/include/avrhydroponics/SetRelayRequest.h
Symlinking /home/pi/hydroponics/catkin_ws/devel/include/avrhydroponics/RequestScalarResponse.h
Symlinking /home/pi/hydroponics/catkin_ws/devel/include/avrhydroponics/WaterMetrics.h
Symlinking /home/pi/hydroponics/catkin_ws/devel/include/avrhydroponics/SetIntRequest.h
Symlinking /home/pi/hydroponics/catkin_ws/devel/include/avrhydroponics/SetFloatResponse.h
Symlinking /home/pi/hydroponics/catkin_ws/devel/include/avrhydroponics/SetRelay.h
Symlinking /home/pi/hydroponics/catkin_ws/devel/share/avrhydroponics/cmake/avrhydroponicsConfig.cmake
Symlinking /home/pi/hydroponics/catkin_ws/devel/share/avrhydroponics/cmake/avrhydroponicsConfig-version.cmake
Symlinking /home/pi/hydroponics/catkin_ws/devel/share/avrhydroponics/cmake/avrhydroponics-msg-paths.cmake
Symlinking /home/pi/hydroponics/catkin_ws/devel/share/avrhydroponics/cmake/avrhydroponics-msg-extras.cmake
Symlinking /home/pi/hydroponics/catkin_ws/devel/share/roseus/ros/avrhydroponics/manifest.l
Symlinking /home/pi/hydroponics/catkin_ws/devel/share/roseus/ros/avrhydroponics/srv/SendPacket.l
Symlinking /home/pi/hydroponics/catkin_ws/devel/share/roseus/ros/avrhydroponics/srv/RequestScalar.l
Symlinking /home/pi/hydroponics/catkin_ws/devel/share/roseus/ros/avrhydroponics/srv/SetInt.l
Symlinking /home/pi/hydroponics/catkin_ws/devel/share/roseus/ros/avrhydroponics/srv/SetRelay.l
Symlinking /home/pi/hydroponics/catkin_ws/devel/share/roseus/ros/avrhydroponics/srv/SetFloat.l
Symlinking /home/pi/hydroponics/catkin_ws/devel/share/roseus/ros/avrhydroponics/msg/Packet.l
Symlinking /home/pi/hydroponics/catkin_ws/devel/share/roseus/ros/avrhydroponics/msg/LedMetrics.l
Symlinking /home/pi/hydroponics/catkin_ws/devel/share/roseus/ros/avrhydroponics/msg/ds18b20.l
Symlinking /home/pi/hydroponics/catkin_ws/devel/share/roseus/ros/avrhydroponics/msg/AirMetrics.l
Symlinking /home/pi/hydroponics/catkin_ws/devel/share/roseus/ros/avrhydroponics/msg/WaterMetrics.l
Symlinking /home/pi/hydroponics/catkin_ws/devel/share/common-lisp/ros/avrhydroponics/srv/_package_SetRelay.lisp
Symlinking /home/pi/hydroponics/catkin_ws/devel/share/common-lisp/ros/avrhydroponics/srv/_package_SetFloat.lisp
Symlinking /home/pi/hydroponics/catkin_ws/devel/share/common-lisp/ros/avrhydroponics/srv/_package.lisp
Symlinking /home/pi/hydroponics/catkin_ws/devel/share/common-lisp/ros/avrhydroponics/srv/SetRelay.lisp
Symlinking /home/pi/hydroponics/catkin_ws/devel/share/common-lisp/ros/avrhydroponics/srv/_package_SetInt.lisp
Symlinking /home/pi/hydroponics/catkin_ws/devel/share/common-lisp/ros/avrhydroponics/srv/SetInt.lisp
Symlinking /home/pi/hydroponics/catkin_ws/devel/share/common-lisp/ros/avrhydroponics/srv/SendPacket.lisp
Symlinking /home/pi/hydroponics/catkin_ws/devel/share/common-lisp/ros/avrhydroponics/srv/_package_RequestScalar.lisp
Symlinking /home/pi/hydroponics/catkin_ws/devel/share/common-lisp/ros/avrhydroponics/srv/RequestScalar.lisp
Symlinking /home/pi/hydroponics/catkin_ws/devel/share/common-lisp/ros/avrhydroponics/srv/avrhydroponics-srv.asd
Symlinking /home/pi/hydroponics/catkin_ws/devel/share/common-lisp/ros/avrhydroponics/srv/_package_SendPacket.lisp
Symlinking /home/pi/hydroponics/catkin_ws/devel/share/common-lisp/ros/avrhydroponics/srv/SetFloat.lisp
Symlinking /home/pi/hydroponics/catkin_ws/devel/share/common-lisp/ros/avrhydroponics/msg/_package_ds18b20.lisp
Symlinking /home/pi/hydroponics/catkin_ws/devel/share/common-lisp/ros/avrhydroponics/msg/_package.lisp
Symlinking /home/pi/hydroponics/catkin_ws/devel/share/common-lisp/ros/avrhydroponics/msg/_package_Packet.lisp
Symlinking /home/pi/hydroponics/catkin_ws/devel/share/common-lisp/ros/avrhydroponics/msg/Packet.lisp
Symlinking /home/pi/hydroponics/catkin_ws/devel/share/common-lisp/ros/avrhydroponics/msg/ds18b20.lisp
Symlinking /home/pi/hydroponics/catkin_ws/devel/share/common-lisp/ros/avrhydroponics/msg/AirMetrics.lisp
Symlinking /home/pi/hydroponics/catkin_ws/devel/share/common-lisp/ros/avrhydroponics/msg/avrhydroponics-msg.asd
Symlinking /home/pi/hydroponics/catkin_ws/devel/share/common-lisp/ros/avrhydroponics/msg/LedMetrics.lisp
Symlinking /home/pi/hydroponics/catkin_ws/devel/share/common-lisp/ros/avrhydroponics/msg/WaterMetrics.lisp
Symlinking /home/pi/hydroponics/catkin_ws/devel/share/common-lisp/ros/avrhydroponics/msg/_package_LedMetrics.lisp
Symlinking /home/pi/hydroponics/catkin_ws/devel/share/common-lisp/ros/avrhydroponics/msg/_package_WaterMetrics.lisp
Symlinking /home/pi/hydroponics/catkin_ws/devel/share/common-lisp/ros/avrhydroponics/msg/_package_AirMetrics.lisp
Symlinking /home/pi/hydroponics/catkin_ws/devel/share/gennodejs/ros/avrhydroponics/_index.js
Symlinking /home/pi/hydroponics/catkin_ws/devel/share/gennodejs/ros/avrhydroponics/srv/SendPacket.js
Symlinking /home/pi/hydroponics/catkin_ws/devel/share/gennodejs/ros/avrhydroponics/srv/_index.js
Symlinking /home/pi/hydroponics/catkin_ws/devel/share/gennodejs/ros/avrhydroponics/srv/RequestScalar.js
Symlinking /home/pi/hydroponics/catkin_ws/devel/share/gennodejs/ros/avrhydroponics/srv/SetFloat.js
Symlinking /home/pi/hydroponics/catkin_ws/devel/share/gennodejs/ros/avrhydroponics/srv/SetRelay.js
Symlinking /home/pi/hydroponics/catkin_ws/devel/share/gennodejs/ros/avrhydroponics/srv/SetInt.js
Symlinking /home/pi/hydroponics/catkin_ws/devel/share/gennodejs/ros/avrhydroponics/msg/_index.js
Symlinking /home/pi/hydroponics/catkin_ws/devel/share/gennodejs/ros/avrhydroponics/msg/AirMetrics.js
Symlinking /home/pi/hydroponics/catkin_ws/devel/share/gennodejs/ros/avrhydroponics/msg/ds18b20.js
Symlinking /home/pi/hydroponics/catkin_ws/devel/share/gennodejs/ros/avrhydroponics/msg/WaterMetrics.js
Symlinking /home/pi/hydroponics/catkin_ws/devel/share/gennodejs/ros/avrhydroponics/msg/Packet.js
Symlinking /home/pi/hydroponics/catkin_ws/devel/share/gennodejs/ros/avrhydroponics/msg/LedMetrics.js
Symlinking /home/pi/hydroponics/catkin_ws/devel/lib/pkgconfig/avrhydroponics.pc
Symlinking /home/pi/hydroponics/catkin_ws/devel/lib/python2.7/dist-packages/avrhydroponics/__init__.py
Symlinking /home/pi/hydroponics/catkin_ws/devel/lib/python2.7/dist-packages/avrhydroponics/srv/_SetRelay.py
Symlinking /home/pi/hydroponics/catkin_ws/devel/lib/python2.7/dist-packages/avrhydroponics/srv/__init__.py
Symlinking /home/pi/hydroponics/catkin_ws/devel/lib/python2.7/dist-packages/avrhydroponics/srv/_SetInt.py
Symlinking /home/pi/hydroponics/catkin_ws/devel/lib/python2.7/dist-packages/avrhydroponics/srv/_SendPacket.py
Symlinking /home/pi/hydroponics/catkin_ws/devel/lib/python2.7/dist-packages/avrhydroponics/srv/_SetFloat.py
Symlinking /home/pi/hydroponics/catkin_ws/devel/lib/python2.7/dist-packages/avrhydroponics/srv/_RequestScalar.py
Symlinking /home/pi/hydroponics/catkin_ws/devel/lib/python2.7/dist-packages/avrhydroponics/msg/_WaterMetrics.py
Symlinking /home/pi/hydroponics/catkin_ws/devel/lib/python2.7/dist-packages/avrhydroponics/msg/__init__.py
Symlinking /home/pi/hydroponics/catkin_ws/devel/lib/python2.7/dist-packages/avrhydroponics/msg/_Packet.py
Symlinking /home/pi/hydroponics/catkin_ws/devel/lib/python2.7/dist-packages/avrhydroponics/msg/_ds18b20.py
Symlinking /home/pi/hydroponics/catkin_ws/devel/lib/python2.7/dist-packages/avrhydroponics/msg/_LedMetrics.py
Symlinking /home/pi/hydroponics/catkin_ws/devel/lib/python2.7/dist-packages/avrhydroponics/msg/_AirMetrics.py
