Linked: (/home/pi/hydroponics/catkin_ws/devel/.private/avrhydroponics/include/avrhydroponics/ds18b20.h, /home/pi/hydroponics/catkin_ws/devel/include/avrhydroponics/ds18b20.h)
Linked: (/home/pi/hydroponics/catkin_ws/devel/.private/avrhydroponics/include/avrhydroponics/SendPacketRequest.h, /home/pi/hydroponics/catkin_ws/devel/include/avrhydroponics/SendPacketRequest.h)
Linked: (/home/pi/hydroponics/catkin_ws/devel/.private/avrhydroponics/include/avrhydroponics/LedMetrics.h, /home/pi/hydroponics/catkin_ws/devel/include/avrhydroponics/LedMetrics.h)
Linked: (/home/pi/hydroponics/catkin_ws/devel/.private/avrhydroponics/include/avrhydroponics/SetInt.h, /home/pi/hydroponics/catkin_ws/devel/include/avrhydroponics/SetInt.h)
Linked: (/home/pi/hydroponics/catkin_ws/devel/.private/avrhydroponics/include/avrhydroponics/AirMetrics.h, /home/pi/hydroponics/catkin_ws/devel/include/avrhydroponics/AirMetrics.h)
Linked: (/home/pi/hydroponics/catkin_ws/devel/.private/avrhydroponics/include/avrhydroponics/SendPacket.h, /home/pi/hydroponics/catkin_ws/devel/include/avrhydroponics/SendPacket.h)
Linked: (/home/pi/hydroponics/catkin_ws/devel/.private/avrhydroponics/include/avrhydroponics/SetFloat.h, /home/pi/hydroponics/catkin_ws/devel/include/avrhydroponics/SetFloat.h)
Linked: (/home/pi/hydroponics/catkin_ws/devel/.private/avrhydroponics/include/avrhydroponics/SetIntResponse.h, /home/pi/hydroponics/catkin_ws/devel/include/avrhydroponics/SetIntResponse.h)
Linked: (/home/pi/hydroponics/catkin_ws/devel/.private/avrhydroponics/include/avrhydroponics/RequestScalar.h, /home/pi/hydroponics/catkin_ws/devel/include/avrhydroponics/RequestScalar.h)
Linked: (/home/pi/hydroponics/catkin_ws/devel/.private/avrhydroponics/include/avrhydroponics/SetFloatRequest.h, /home/pi/hydroponics/catkin_ws/devel/include/avrhydroponics/SetFloatRequest.h)
Linked: (/home/pi/hydroponics/catkin_ws/devel/.private/avrhydroponics/include/avrhydroponics/SendPacketResponse.h, /home/pi/hydroponics/catkin_ws/devel/include/avrhydroponics/SendPacketResponse.h)
Linked: (/home/pi/hydroponics/catkin_ws/devel/.private/avrhydroponics/include/avrhydroponics/Packet.h, /home/pi/hydroponics/catkin_ws/devel/include/avrhydroponics/Packet.h)
Linked: (/home/pi/hydroponics/catkin_ws/devel/.private/avrhydroponics/include/avrhydroponics/SetRelayResponse.h, /home/pi/hydroponics/catkin_ws/devel/include/avrhydroponics/SetRelayResponse.h)
Linked: (/home/pi/hydroponics/catkin_ws/devel/.private/avrhydroponics/include/avrhydroponics/RequestScalarRequest.h, /home/pi/hydroponics/catkin_ws/devel/include/avrhydroponics/RequestScalarRequest.h)
Linked: (/home/pi/hydroponics/catkin_ws/devel/.private/avrhydroponics/include/avrhydroponics/SetRelayRequest.h, /home/pi/hydroponics/catkin_ws/devel/include/avrhydroponics/SetRelayRequest.h)
Linked: (/home/pi/hydroponics/catkin_ws/devel/.private/avrhydroponics/include/avrhydroponics/RequestScalarResponse.h, /home/pi/hydroponics/catkin_ws/devel/include/avrhydroponics/RequestScalarResponse.h)
Linked: (/home/pi/hydroponics/catkin_ws/devel/.private/avrhydroponics/include/avrhydroponics/WaterMetrics.h, /home/pi/hydroponics/catkin_ws/devel/include/avrhydroponics/WaterMetrics.h)
Linked: (/home/pi/hydroponics/catkin_ws/devel/.private/avrhydroponics/include/avrhydroponics/SetIntRequest.h, /home/pi/hydroponics/catkin_ws/devel/include/avrhydroponics/SetIntRequest.h)
Linked: (/home/pi/hydroponics/catkin_ws/devel/.private/avrhydroponics/include/avrhydroponics/SetFloatResponse.h, /home/pi/hydroponics/catkin_ws/devel/include/avrhydroponics/SetFloatResponse.h)
Linked: (/home/pi/hydroponics/catkin_ws/devel/.private/avrhydroponics/include/avrhydroponics/SetRelay.h, /home/pi/hydroponics/catkin_ws/devel/include/avrhydroponics/SetRelay.h)
Linked: (/home/pi/hydroponics/catkin_ws/devel/.private/avrhydroponics/share/avrhydroponics/cmake/avrhydroponicsConfig.cmake, /home/pi/hydroponics/catkin_ws/devel/share/avrhydroponics/cmake/avrhydroponicsConfig.cmake)
Linked: (/home/pi/hydroponics/catkin_ws/devel/.private/avrhydroponics/share/avrhydroponics/cmake/avrhydroponicsConfig-version.cmake, /home/pi/hydroponics/catkin_ws/devel/share/avrhydroponics/cmake/avrhydroponicsConfig-version.cmake)
Linked: (/home/pi/hydroponics/catkin_ws/devel/.private/avrhydroponics/share/avrhydroponics/cmake/avrhydroponics-msg-paths.cmake, /home/pi/hydroponics/catkin_ws/devel/share/avrhydroponics/cmake/avrhydroponics-msg-paths.cmake)
Linked: (/home/pi/hydroponics/catkin_ws/devel/.private/avrhydroponics/share/avrhydroponics/cmake/avrhydroponics-msg-extras.cmake, /home/pi/hydroponics/catkin_ws/devel/share/avrhydroponics/cmake/avrhydroponics-msg-extras.cmake)
Linked: (/home/pi/hydroponics/catkin_ws/devel/.private/avrhydroponics/share/roseus/ros/avrhydroponics/manifest.l, /home/pi/hydroponics/catkin_ws/devel/share/roseus/ros/avrhydroponics/manifest.l)
Linked: (/home/pi/hydroponics/catkin_ws/devel/.private/avrhydroponics/share/roseus/ros/avrhydroponics/srv/SendPacket.l, /home/pi/hydroponics/catkin_ws/devel/share/roseus/ros/avrhydroponics/srv/SendPacket.l)
Linked: (/home/pi/hydroponics/catkin_ws/devel/.private/avrhydroponics/share/roseus/ros/avrhydroponics/srv/RequestScalar.l, /home/pi/hydroponics/catkin_ws/devel/share/roseus/ros/avrhydroponics/srv/RequestScalar.l)
Linked: (/home/pi/hydroponics/catkin_ws/devel/.private/avrhydroponics/share/roseus/ros/avrhydroponics/srv/SetInt.l, /home/pi/hydroponics/catkin_ws/devel/share/roseus/ros/avrhydroponics/srv/SetInt.l)
Linked: (/home/pi/hydroponics/catkin_ws/devel/.private/avrhydroponics/share/roseus/ros/avrhydroponics/srv/SetRelay.l, /home/pi/hydroponics/catkin_ws/devel/share/roseus/ros/avrhydroponics/srv/SetRelay.l)
Linked: (/home/pi/hydroponics/catkin_ws/devel/.private/avrhydroponics/share/roseus/ros/avrhydroponics/srv/SetFloat.l, /home/pi/hydroponics/catkin_ws/devel/share/roseus/ros/avrhydroponics/srv/SetFloat.l)
Linked: (/home/pi/hydroponics/catkin_ws/devel/.private/avrhydroponics/share/roseus/ros/avrhydroponics/msg/Packet.l, /home/pi/hydroponics/catkin_ws/devel/share/roseus/ros/avrhydroponics/msg/Packet.l)
Linked: (/home/pi/hydroponics/catkin_ws/devel/.private/avrhydroponics/share/roseus/ros/avrhydroponics/msg/LedMetrics.l, /home/pi/hydroponics/catkin_ws/devel/share/roseus/ros/avrhydroponics/msg/LedMetrics.l)
Linked: (/home/pi/hydroponics/catkin_ws/devel/.private/avrhydroponics/share/roseus/ros/avrhydroponics/msg/ds18b20.l, /home/pi/hydroponics/catkin_ws/devel/share/roseus/ros/avrhydroponics/msg/ds18b20.l)
Linked: (/home/pi/hydroponics/catkin_ws/devel/.private/avrhydroponics/share/roseus/ros/avrhydroponics/msg/AirMetrics.l, /home/pi/hydroponics/catkin_ws/devel/share/roseus/ros/avrhydroponics/msg/AirMetrics.l)
Linked: (/home/pi/hydroponics/catkin_ws/devel/.private/avrhydroponics/share/roseus/ros/avrhydroponics/msg/WaterMetrics.l, /home/pi/hydroponics/catkin_ws/devel/share/roseus/ros/avrhydroponics/msg/WaterMetrics.l)
Linked: (/home/pi/hydroponics/catkin_ws/devel/.private/avrhydroponics/share/common-lisp/ros/avrhydroponics/srv/_package_SetRelay.lisp, /home/pi/hydroponics/catkin_ws/devel/share/common-lisp/ros/avrhydroponics/srv/_package_SetRelay.lisp)
Linked: (/home/pi/hydroponics/catkin_ws/devel/.private/avrhydroponics/share/common-lisp/ros/avrhydroponics/srv/_package_SetFloat.lisp, /home/pi/hydroponics/catkin_ws/devel/share/common-lisp/ros/avrhydroponics/srv/_package_SetFloat.lisp)
Linked: (/home/pi/hydroponics/catkin_ws/devel/.private/avrhydroponics/share/common-lisp/ros/avrhydroponics/srv/_package.lisp, /home/pi/hydroponics/catkin_ws/devel/share/common-lisp/ros/avrhydroponics/srv/_package.lisp)
Linked: (/home/pi/hydroponics/catkin_ws/devel/.private/avrhydroponics/share/common-lisp/ros/avrhydroponics/srv/SetRelay.lisp, /home/pi/hydroponics/catkin_ws/devel/share/common-lisp/ros/avrhydroponics/srv/SetRelay.lisp)
Linked: (/home/pi/hydroponics/catkin_ws/devel/.private/avrhydroponics/share/common-lisp/ros/avrhydroponics/srv/_package_SetInt.lisp, /home/pi/hydroponics/catkin_ws/devel/share/common-lisp/ros/avrhydroponics/srv/_package_SetInt.lisp)
Linked: (/home/pi/hydroponics/catkin_ws/devel/.private/avrhydroponics/share/common-lisp/ros/avrhydroponics/srv/SetInt.lisp, /home/pi/hydroponics/catkin_ws/devel/share/common-lisp/ros/avrhydroponics/srv/SetInt.lisp)
Linked: (/home/pi/hydroponics/catkin_ws/devel/.private/avrhydroponics/share/common-lisp/ros/avrhydroponics/srv/SendPacket.lisp, /home/pi/hydroponics/catkin_ws/devel/share/common-lisp/ros/avrhydroponics/srv/SendPacket.lisp)
Linked: (/home/pi/hydroponics/catkin_ws/devel/.private/avrhydroponics/share/common-lisp/ros/avrhydroponics/srv/_package_RequestScalar.lisp, /home/pi/hydroponics/catkin_ws/devel/share/common-lisp/ros/avrhydroponics/srv/_package_RequestScalar.lisp)
Linked: (/home/pi/hydroponics/catkin_ws/devel/.private/avrhydroponics/share/common-lisp/ros/avrhydroponics/srv/RequestScalar.lisp, /home/pi/hydroponics/catkin_ws/devel/share/common-lisp/ros/avrhydroponics/srv/RequestScalar.lisp)
Linked: (/home/pi/hydroponics/catkin_ws/devel/.private/avrhydroponics/share/common-lisp/ros/avrhydroponics/srv/avrhydroponics-srv.asd, /home/pi/hydroponics/catkin_ws/devel/share/common-lisp/ros/avrhydroponics/srv/avrhydroponics-srv.asd)
Linked: (/home/pi/hydroponics/catkin_ws/devel/.private/avrhydroponics/share/common-lisp/ros/avrhydroponics/srv/_package_SendPacket.lisp, /home/pi/hydroponics/catkin_ws/devel/share/common-lisp/ros/avrhydroponics/srv/_package_SendPacket.lisp)
Linked: (/home/pi/hydroponics/catkin_ws/devel/.private/avrhydroponics/share/common-lisp/ros/avrhydroponics/srv/SetFloat.lisp, /home/pi/hydroponics/catkin_ws/devel/share/common-lisp/ros/avrhydroponics/srv/SetFloat.lisp)
Linked: (/home/pi/hydroponics/catkin_ws/devel/.private/avrhydroponics/share/common-lisp/ros/avrhydroponics/msg/_package_ds18b20.lisp, /home/pi/hydroponics/catkin_ws/devel/share/common-lisp/ros/avrhydroponics/msg/_package_ds18b20.lisp)
Linked: (/home/pi/hydroponics/catkin_ws/devel/.private/avrhydroponics/share/common-lisp/ros/avrhydroponics/msg/_package.lisp, /home/pi/hydroponics/catkin_ws/devel/share/common-lisp/ros/avrhydroponics/msg/_package.lisp)
Linked: (/home/pi/hydroponics/catkin_ws/devel/.private/avrhydroponics/share/common-lisp/ros/avrhydroponics/msg/_package_Packet.lisp, /home/pi/hydroponics/catkin_ws/devel/share/common-lisp/ros/avrhydroponics/msg/_package_Packet.lisp)
Linked: (/home/pi/hydroponics/catkin_ws/devel/.private/avrhydroponics/share/common-lisp/ros/avrhydroponics/msg/Packet.lisp, /home/pi/hydroponics/catkin_ws/devel/share/common-lisp/ros/avrhydroponics/msg/Packet.lisp)
Linked: (/home/pi/hydroponics/catkin_ws/devel/.private/avrhydroponics/share/common-lisp/ros/avrhydroponics/msg/ds18b20.lisp, /home/pi/hydroponics/catkin_ws/devel/share/common-lisp/ros/avrhydroponics/msg/ds18b20.lisp)
Linked: (/home/pi/hydroponics/catkin_ws/devel/.private/avrhydroponics/share/common-lisp/ros/avrhydroponics/msg/AirMetrics.lisp, /home/pi/hydroponics/catkin_ws/devel/share/common-lisp/ros/avrhydroponics/msg/AirMetrics.lisp)
Linked: (/home/pi/hydroponics/catkin_ws/devel/.private/avrhydroponics/share/common-lisp/ros/avrhydroponics/msg/avrhydroponics-msg.asd, /home/pi/hydroponics/catkin_ws/devel/share/common-lisp/ros/avrhydroponics/msg/avrhydroponics-msg.asd)
Linked: (/home/pi/hydroponics/catkin_ws/devel/.private/avrhydroponics/share/common-lisp/ros/avrhydroponics/msg/LedMetrics.lisp, /home/pi/hydroponics/catkin_ws/devel/share/common-lisp/ros/avrhydroponics/msg/LedMetrics.lisp)
Linked: (/home/pi/hydroponics/catkin_ws/devel/.private/avrhydroponics/share/common-lisp/ros/avrhydroponics/msg/WaterMetrics.lisp, /home/pi/hydroponics/catkin_ws/devel/share/common-lisp/ros/avrhydroponics/msg/WaterMetrics.lisp)
Linked: (/home/pi/hydroponics/catkin_ws/devel/.private/avrhydroponics/share/common-lisp/ros/avrhydroponics/msg/_package_LedMetrics.lisp, /home/pi/hydroponics/catkin_ws/devel/share/common-lisp/ros/avrhydroponics/msg/_package_LedMetrics.lisp)
Linked: (/home/pi/hydroponics/catkin_ws/devel/.private/avrhydroponics/share/common-lisp/ros/avrhydroponics/msg/_package_WaterMetrics.lisp, /home/pi/hydroponics/catkin_ws/devel/share/common-lisp/ros/avrhydroponics/msg/_package_WaterMetrics.lisp)
Linked: (/home/pi/hydroponics/catkin_ws/devel/.private/avrhydroponics/share/common-lisp/ros/avrhydroponics/msg/_package_AirMetrics.lisp, /home/pi/hydroponics/catkin_ws/devel/share/common-lisp/ros/avrhydroponics/msg/_package_AirMetrics.lisp)
Linked: (/home/pi/hydroponics/catkin_ws/devel/.private/avrhydroponics/share/gennodejs/ros/avrhydroponics/_index.js, /home/pi/hydroponics/catkin_ws/devel/share/gennodejs/ros/avrhydroponics/_index.js)
Linked: (/home/pi/hydroponics/catkin_ws/devel/.private/avrhydroponics/share/gennodejs/ros/avrhydroponics/srv/SendPacket.js, /home/pi/hydroponics/catkin_ws/devel/share/gennodejs/ros/avrhydroponics/srv/SendPacket.js)
Linked: (/home/pi/hydroponics/catkin_ws/devel/.private/avrhydroponics/share/gennodejs/ros/avrhydroponics/srv/_index.js, /home/pi/hydroponics/catkin_ws/devel/share/gennodejs/ros/avrhydroponics/srv/_index.js)
Linked: (/home/pi/hydroponics/catkin_ws/devel/.private/avrhydroponics/share/gennodejs/ros/avrhydroponics/srv/RequestScalar.js, /home/pi/hydroponics/catkin_ws/devel/share/gennodejs/ros/avrhydroponics/srv/RequestScalar.js)
Linked: (/home/pi/hydroponics/catkin_ws/devel/.private/avrhydroponics/share/gennodejs/ros/avrhydroponics/srv/SetFloat.js, /home/pi/hydroponics/catkin_ws/devel/share/gennodejs/ros/avrhydroponics/srv/SetFloat.js)
Linked: (/home/pi/hydroponics/catkin_ws/devel/.private/avrhydroponics/share/gennodejs/ros/avrhydroponics/srv/SetRelay.js, /home/pi/hydroponics/catkin_ws/devel/share/gennodejs/ros/avrhydroponics/srv/SetRelay.js)
Linked: (/home/pi/hydroponics/catkin_ws/devel/.private/avrhydroponics/share/gennodejs/ros/avrhydroponics/srv/SetInt.js, /home/pi/hydroponics/catkin_ws/devel/share/gennodejs/ros/avrhydroponics/srv/SetInt.js)
Linked: (/home/pi/hydroponics/catkin_ws/devel/.private/avrhydroponics/share/gennodejs/ros/avrhydroponics/msg/_index.js, /home/pi/hydroponics/catkin_ws/devel/share/gennodejs/ros/avrhydroponics/msg/_index.js)
Linked: (/home/pi/hydroponics/catkin_ws/devel/.private/avrhydroponics/share/gennodejs/ros/avrhydroponics/msg/AirMetrics.js, /home/pi/hydroponics/catkin_ws/devel/share/gennodejs/ros/avrhydroponics/msg/AirMetrics.js)
Linked: (/home/pi/hydroponics/catkin_ws/devel/.private/avrhydroponics/share/gennodejs/ros/avrhydroponics/msg/ds18b20.js, /home/pi/hydroponics/catkin_ws/devel/share/gennodejs/ros/avrhydroponics/msg/ds18b20.js)
Linked: (/home/pi/hydroponics/catkin_ws/devel/.private/avrhydroponics/share/gennodejs/ros/avrhydroponics/msg/WaterMetrics.js, /home/pi/hydroponics/catkin_ws/devel/share/gennodejs/ros/avrhydroponics/msg/WaterMetrics.js)
Linked: (/home/pi/hydroponics/catkin_ws/devel/.private/avrhydroponics/share/gennodejs/ros/avrhydroponics/msg/Packet.js, /home/pi/hydroponics/catkin_ws/devel/share/gennodejs/ros/avrhydroponics/msg/Packet.js)
Linked: (/home/pi/hydroponics/catkin_ws/devel/.private/avrhydroponics/share/gennodejs/ros/avrhydroponics/msg/LedMetrics.js, /home/pi/hydroponics/catkin_ws/devel/share/gennodejs/ros/avrhydroponics/msg/LedMetrics.js)
Linked: (/home/pi/hydroponics/catkin_ws/devel/.private/avrhydroponics/lib/pkgconfig/avrhydroponics.pc, /home/pi/hydroponics/catkin_ws/devel/lib/pkgconfig/avrhydroponics.pc)
Linked: (/home/pi/hydroponics/catkin_ws/devel/.private/avrhydroponics/lib/python2.7/dist-packages/avrhydroponics/__init__.py, /home/pi/hydroponics/catkin_ws/devel/lib/python2.7/dist-packages/avrhydroponics/__init__.py)
Linked: (/home/pi/hydroponics/catkin_ws/devel/.private/avrhydroponics/lib/python2.7/dist-packages/avrhydroponics/srv/_SetRelay.py, /home/pi/hydroponics/catkin_ws/devel/lib/python2.7/dist-packages/avrhydroponics/srv/_SetRelay.py)
Linked: (/home/pi/hydroponics/catkin_ws/devel/.private/avrhydroponics/lib/python2.7/dist-packages/avrhydroponics/srv/__init__.py, /home/pi/hydroponics/catkin_ws/devel/lib/python2.7/dist-packages/avrhydroponics/srv/__init__.py)
Linked: (/home/pi/hydroponics/catkin_ws/devel/.private/avrhydroponics/lib/python2.7/dist-packages/avrhydroponics/srv/_SetInt.py, /home/pi/hydroponics/catkin_ws/devel/lib/python2.7/dist-packages/avrhydroponics/srv/_SetInt.py)
Linked: (/home/pi/hydroponics/catkin_ws/devel/.private/avrhydroponics/lib/python2.7/dist-packages/avrhydroponics/srv/_SendPacket.py, /home/pi/hydroponics/catkin_ws/devel/lib/python2.7/dist-packages/avrhydroponics/srv/_SendPacket.py)
Linked: (/home/pi/hydroponics/catkin_ws/devel/.private/avrhydroponics/lib/python2.7/dist-packages/avrhydroponics/srv/_SetFloat.py, /home/pi/hydroponics/catkin_ws/devel/lib/python2.7/dist-packages/avrhydroponics/srv/_SetFloat.py)
Linked: (/home/pi/hydroponics/catkin_ws/devel/.private/avrhydroponics/lib/python2.7/dist-packages/avrhydroponics/srv/_RequestScalar.py, /home/pi/hydroponics/catkin_ws/devel/lib/python2.7/dist-packages/avrhydroponics/srv/_RequestScalar.py)
Linked: (/home/pi/hydroponics/catkin_ws/devel/.private/avrhydroponics/lib/python2.7/dist-packages/avrhydroponics/msg/_WaterMetrics.py, /home/pi/hydroponics/catkin_ws/devel/lib/python2.7/dist-packages/avrhydroponics/msg/_WaterMetrics.py)
Linked: (/home/pi/hydroponics/catkin_ws/devel/.private/avrhydroponics/lib/python2.7/dist-packages/avrhydroponics/msg/__init__.py, /home/pi/hydroponics/catkin_ws/devel/lib/python2.7/dist-packages/avrhydroponics/msg/__init__.py)
Linked: (/home/pi/hydroponics/catkin_ws/devel/.private/avrhydroponics/lib/python2.7/dist-packages/avrhydroponics/msg/_Packet.py, /home/pi/hydroponics/catkin_ws/devel/lib/python2.7/dist-packages/avrhydroponics/msg/_Packet.py)
Linked: (/home/pi/hydroponics/catkin_ws/devel/.private/avrhydroponics/lib/python2.7/dist-packages/avrhydroponics/msg/_ds18b20.py, /home/pi/hydroponics/catkin_ws/devel/lib/python2.7/dist-packages/avrhydroponics/msg/_ds18b20.py)
Linked: (/home/pi/hydroponics/catkin_ws/devel/.private/avrhydroponics/lib/python2.7/dist-packages/avrhydroponics/msg/_LedMetrics.py, /home/pi/hydroponics/catkin_ws/devel/lib/python2.7/dist-packages/avrhydroponics/msg/_LedMetrics.py)
Linked: (/home/pi/hydroponics/catkin_ws/devel/.private/avrhydroponics/lib/python2.7/dist-packages/avrhydroponics/msg/_AirMetrics.py, /home/pi/hydroponics/catkin_ws/devel/lib/python2.7/dist-packages/avrhydroponics/msg/_AirMetrics.py)
